2024-11-04 21:04:13,655 - INFO - Loading simulated data from data/simulated/curves10k.npz
2024-11-04 21:04:16,950 - INFO - Simulated data shape: (10000, 435)
2024-11-04 21:04:16,951 - INFO - Loading isolates data from data/isolates/OD_311_isolates.npz
2024-11-04 21:04:18,420 - INFO - Isolates data shape: (311, 12, 435)
2024-11-04 21:04:18,464 - INFO - Combined data shape after shuffling: (13732, 435)
2024-11-04 21:04:18,720 - INFO - Using device: cuda
2024-11-04 21:04:18,721 - INFO - Using device: cuda
2024-11-04 21:04:18,736 - INFO - CUDA is available. Device count: 1
2024-11-04 21:04:18,795 - INFO - Current device: 0
2024-11-04 21:04:18,795 - INFO - Device name: NVIDIA RTX 5000 Ada Generation
2024-11-04 21:04:23,243 - INFO - The model has 243,957 parameters
2024-11-04 21:05:13,146 - INFO - Starting training loop...
2024-11-04 21:06:03,079 - INFO - Epoch: 2 Train Loss: 0.0484908, Test Loss: 0.0135280, Lr: 0.00020000
2024-11-04 21:06:07,947 - INFO - Epoch: 4 Train Loss: 0.0075804, Test Loss: 0.0053209, Lr: 0.00040000
2024-11-04 21:06:12,579 - INFO - Epoch: 6 Train Loss: 0.0051567, Test Loss: 0.0042906, Lr: 0.00060000
2024-11-04 21:06:17,421 - INFO - Epoch: 8 Train Loss: 0.0039343, Test Loss: 0.0022745, Lr: 0.00080000
2024-11-04 21:06:22,421 - INFO - Epoch: 10 Train Loss: 0.0030877, Test Loss: 0.0040154, Lr: 0.00100000
2024-11-04 21:07:44,771 - INFO - Epoch: 40 Train Loss: 0.0012441, Test Loss: 0.0011880, Lr: 0.00055662
2024-11-04 21:09:32,938 - INFO - Epoch: 80 Train Loss: 0.0005701, Test Loss: 0.0003039, Lr: 0.00024808
2024-11-04 21:11:23,023 - INFO - Epoch: 120 Train Loss: 0.0004379, Test Loss: 0.0002240, Lr: 0.00011057
2024-11-04 21:13:21,842 - INFO - Epoch: 160 Train Loss: 0.0003794, Test Loss: 0.0002741, Lr: 0.00004928
2024-11-04 21:15:17,298 - INFO - Epoch: 200 Train Loss: 0.0003548, Test Loss: 0.0001573, Lr: 0.00002196
2024-11-04 21:17:17,573 - INFO - Epoch: 240 Train Loss: 0.0003454, Test Loss: 0.0001493, Lr: 0.00000979
2024-11-04 21:19:12,797 - INFO - Epoch: 280 Train Loss: 0.0003385, Test Loss: 0.0001444, Lr: 0.00000436
2024-11-04 21:21:11,370 - INFO - Epoch: 320 Train Loss: 0.0003372, Test Loss: 0.0001430, Lr: 0.00000400
2024-11-04 21:22:57,120 - INFO - Early stopping!
2024-11-04 21:22:57,121 - INFO - Training completed.
2024-11-04 21:22:59,069 - INFO - Loss plot saved to output/loss_plot.png
2024-11-04 21:23:00,656 - INFO - Reconstruction scatter plot saved to output/reconstruction_scatter.png
2024-11-04 21:23:01,647 - INFO - Sample trajectories plot saved to output/sample_trajectories.png
